<?xml version="1.0" encoding="UTF-8"?>
<!-- Generated by org.testng.reporters.JUnitReportReporter -->
<testsuite hostname="DESKTOP-O6DBGU6" name="testcases.AppTest" tests="1" failures="0" timestamp="6 Dec 2016 01:38:03 GMT" time="0.000" errors="0">
  <testcase name="SampleTest" time="0.000" classname="testcases.AppTest"/>
</testsuite> <!-- testcases.AppTest -->
